2021-10-04 10:13:45 tianyancha.py[line:45] INFO <em>海南数字振兴科技合伙企业（有限合伙）</em>4661364243
2021-10-04 10:13:45 tianyancha.py[line:45] INFO <em>河南贝金方医药科技有限公司</em>5141890279
2021-10-04 10:13:46 tianyancha.py[line:45] INFO <em>宜宾贝兴商贸有限公司</em>5169977132
2021-10-04 10:13:46 tianyancha.py[line:45] INFO <em>唐山银万贸易有限公司</em>5140003613
2021-10-04 10:13:47 tianyancha.py[line:45] INFO <em>北京道您佳商贸有限公司</em>4999089084
2021-10-04 10:13:48 tianyancha.py[line:45] INFO <em>菏泽来慧商贸有限公司</em>5069662579
2021-10-04 10:13:48 tianyancha.py[line:45] INFO <em>杭州佳越新材料科技有限公司</em>4503598437
2021-10-04 10:13:49 tianyancha.py[line:45] INFO <em>新余市诺臣网络科技有限公司</em>5170215486
2021-10-04 10:13:49 tianyancha.py[line:45] INFO <em>苏州福达利电子科技有限公司</em>5071789433
2021-10-04 10:13:49 tianyancha.py[line:45] INFO <em>山东奥湘数字科技有限公司</em>5151861119
2021-10-04 10:13:50 tianyancha.py[line:45] INFO <em>成都井并玢电子商务有限公司</em>5148375190
2021-10-04 10:14:23 tianyancha.py[line:63] INFO 海南数字振兴科技合伙企业（有限合伙）,4661364243

2021-10-04 10:14:23 tianyancha.py[line:75] INFO https://api9.tianyancha.com/services/v3/t/details/appComIcV4/4661364243?pageSize=1000
2021-10-04 10:14:23 tianyancha.py[line:63] INFO 河南贝金方医药科技有限公司,5141890279

2021-10-04 10:14:23 tianyancha.py[line:75] INFO https://api9.tianyancha.com/services/v3/t/details/appComIcV4/5141890279?pageSize=1000
2021-10-04 10:14:24 tianyancha.py[line:63] INFO 宜宾贝兴商贸有限公司,5169977132

2021-10-04 10:14:24 tianyancha.py[line:75] INFO https://api9.tianyancha.com/services/v3/t/details/appComIcV4/5169977132?pageSize=1000
2021-10-04 10:14:25 tianyancha.py[line:63] INFO 唐山银万贸易有限公司,5140003613

2021-10-04 10:14:25 tianyancha.py[line:75] INFO https://api9.tianyancha.com/services/v3/t/details/appComIcV4/5140003613?pageSize=1000
2021-10-04 10:14:25 tianyancha.py[line:63] INFO 北京道您佳商贸有限公司,4999089084

2021-10-04 10:14:25 tianyancha.py[line:75] INFO https://api9.tianyancha.com/services/v3/t/details/appComIcV4/4999089084?pageSize=1000
2021-10-04 10:14:26 tianyancha.py[line:63] INFO 菏泽来慧商贸有限公司,5069662579

2021-10-04 10:14:26 tianyancha.py[line:75] INFO https://api9.tianyancha.com/services/v3/t/details/appComIcV4/5069662579?pageSize=1000
2021-10-04 10:14:26 tianyancha.py[line:63] INFO 杭州佳越新材料科技有限公司,4503598437

2021-10-04 10:14:26 tianyancha.py[line:75] INFO https://api9.tianyancha.com/services/v3/t/details/appComIcV4/4503598437?pageSize=1000
2021-10-04 10:14:27 tianyancha.py[line:63] INFO 新余市诺臣网络科技有限公司,5170215486

2021-10-04 10:14:27 tianyancha.py[line:75] INFO https://api9.tianyancha.com/services/v3/t/details/appComIcV4/5170215486?pageSize=1000
2021-10-04 10:14:27 tianyancha.py[line:63] INFO 苏州福达利电子科技有限公司,5071789433

2021-10-04 10:14:27 tianyancha.py[line:75] INFO https://api9.tianyancha.com/services/v3/t/details/appComIcV4/5071789433?pageSize=1000
2021-10-04 10:14:28 tianyancha.py[line:63] INFO 山东奥湘数字科技有限公司,5151861119

2021-10-04 10:14:28 tianyancha.py[line:75] INFO https://api9.tianyancha.com/services/v3/t/details/appComIcV4/5151861119?pageSize=1000
2021-10-04 10:14:28 tianyancha.py[line:63] INFO 成都井并玢电子商务有限公司,5148375190

2021-10-04 10:14:28 tianyancha.py[line:75] INFO https://api9.tianyancha.com/services/v3/t/details/appComIcV4/5148375190?pageSize=1000
